<?xml version="1.0" encoding="UTF-8"?>
<robot generator="Robot 3.1.2 (Python 3.6.8 on darwin)" generated="20200101 16:52:25.467" rpa="false">
<suite id="s1" name="RobotProject1" source="/Users/dusitmanochai/eclipse-workspace/RobotProject1">
<suite id="s1-s1" name="Test" source="/Users/dusitmanochai/eclipse-workspace/RobotProject1/test">
<suite id="s1-s1-s1" name="TestSuite1" source="/Users/dusitmanochai/eclipse-workspace/RobotProject1/test/TestSuite1.robot">
<test id="s1-s1-s1-t1" name="GotoGoogleTest">
<kw name="Create Webdriver" library="SeleniumLibrary">
<doc>Creates an instance of Selenium WebDriver.</doc>
<arguments>
<arg>Chrome</arg>
<arg>executable_path=/Users/dusitmanochai/WebDriver/chromedriver</arg>
</arguments>
<msg timestamp="20200101 16:52:25.934" level="INFO">Creating an instance of the Chrome WebDriver.</msg>
<status status="PASS" starttime="20200101 16:52:25.933" endtime="20200101 16:52:28.964"></status>
</kw>
<kw name="Go To" library="SeleniumLibrary">
<doc>Navigates the current browser window to the provided ``url``.</doc>
<arguments>
<arg>url=https://www.google.com</arg>
</arguments>
<msg timestamp="20200101 16:52:28.975" level="INFO">Opening url 'https://www.google.com'</msg>
<status status="PASS" starttime="20200101 16:52:28.967" endtime="20200101 16:52:30.954"></status>
</kw>
<kw name="Set Browser Implicit Wait" library="SeleniumLibrary">
<doc>Sets the implicit wait value used by Selenium.</doc>
<arguments>
<arg>3</arg>
</arguments>
<status status="PASS" starttime="20200101 16:52:30.954" endtime="20200101 16:52:30.956"></status>
</kw>
<kw name="Input Text" library="SeleniumLibrary">
<doc>Types the given ``text`` into the text field identified by ``locator``.</doc>
<arguments>
<arg>name=q</arg>
<arg>text</arg>
</arguments>
<msg timestamp="20200101 16:52:30.957" level="INFO">Typing text 'text' into text field 'name=q'.</msg>
<status status="PASS" starttime="20200101 16:52:30.957" endtime="20200101 16:52:31.153"></status>
</kw>
<kw name="Click Button" library="SeleniumLibrary">
<doc>Clicks the button identified by ``locator``.</doc>
<arguments>
<arg>name=btnK</arg>
</arguments>
<msg timestamp="20200101 16:52:31.156" level="INFO">Clicking button 'name=btnK'.</msg>
<status status="PASS" starttime="20200101 16:52:31.154" endtime="20200101 16:52:34.337"></status>
</kw>
<kw name="Close Browser" library="SeleniumLibrary">
<doc>Closes the current browser.</doc>
<status status="PASS" starttime="20200101 16:52:34.337" endtime="20200101 16:52:34.488"></status>
</kw>
<kw name="Log" library="BuiltIn">
<doc>Logs the given message with the given level.</doc>
<arguments>
<arg>Go to google completed!</arg>
</arguments>
<msg timestamp="20200101 16:52:34.494" level="INFO">Go to google completed!</msg>
<status status="PASS" starttime="20200101 16:52:34.492" endtime="20200101 16:52:34.495"></status>
</kw>
<status status="PASS" starttime="20200101 16:52:25.932" endtime="20200101 16:52:34.496" critical="yes"></status>
</test>
<test id="s1-s1-s1-t2" name="LoginTest">
<kw name="Create Webdriver" library="SeleniumLibrary">
<doc>Creates an instance of Selenium WebDriver.</doc>
<arguments>
<arg>Chrome</arg>
<arg>executable_path=/Users/dusitmanochai/WebDriver/chromedriver</arg>
</arguments>
<msg timestamp="20200101 16:52:34.502" level="INFO">Creating an instance of the Chrome WebDriver.</msg>
<status status="PASS" starttime="20200101 16:52:34.500" endtime="20200101 16:52:38.140"></status>
</kw>
<kw name="Go To" library="SeleniumLibrary">
<doc>Navigates the current browser window to the provided ``url``.</doc>
<arguments>
<arg>url=https://opensource-demo.orangehrmlive.com/</arg>
</arguments>
<msg timestamp="20200101 16:52:38.154" level="INFO">Opening url 'https://opensource-demo.orangehrmlive.com/'</msg>
<status status="PASS" starttime="20200101 16:52:38.141" endtime="20200101 16:52:41.170"></status>
</kw>
<kw name="Set Browser Implicit Wait" library="SeleniumLibrary">
<doc>Sets the implicit wait value used by Selenium.</doc>
<arguments>
<arg>3</arg>
</arguments>
<status status="PASS" starttime="20200101 16:52:41.170" endtime="20200101 16:52:41.175"></status>
</kw>
<kw name="Input Text" library="SeleniumLibrary">
<doc>Types the given ``text`` into the text field identified by ``locator``.</doc>
<arguments>
<arg>id=txtUsername</arg>
<arg>&amp;{CREDENTIALS}[username]</arg>
</arguments>
<msg timestamp="20200101 16:52:41.177" level="INFO">Typing text 'admin' into text field 'id=txtUsername'.</msg>
<status status="PASS" starttime="20200101 16:52:41.175" endtime="20200101 16:52:41.412"></status>
</kw>
<kw name="Input Password" library="SeleniumLibrary">
<doc>Types the given password into the text field identified by ``locator``.</doc>
<arguments>
<arg>id=txtPassword</arg>
<arg>&amp;{CREDENTIALS}[password]</arg>
</arguments>
<msg timestamp="20200101 16:52:41.415" level="INFO">Typing password into text field 'id=txtPassword'.</msg>
<status status="PASS" starttime="20200101 16:52:41.413" endtime="20200101 16:52:41.560"></status>
</kw>
<kw name="Click Button" library="SeleniumLibrary">
<doc>Clicks the button identified by ``locator``.</doc>
<arguments>
<arg>id=btnLogin</arg>
</arguments>
<msg timestamp="20200101 16:52:41.561" level="INFO">Clicking button 'id=btnLogin'.</msg>
<status status="PASS" starttime="20200101 16:52:41.560" endtime="20200101 16:52:43.348"></status>
</kw>
<kw name="Sleep" library="BuiltIn">
<doc>Pauses the test executed for the given time.</doc>
<arguments>
<arg>3</arg>
</arguments>
<msg timestamp="20200101 16:52:46.353" level="INFO">Slept 3 seconds</msg>
<status status="PASS" starttime="20200101 16:52:43.350" endtime="20200101 16:52:46.354"></status>
</kw>
<kw name="Click Element" library="SeleniumLibrary">
<doc>Click the element identified by ``locator``.</doc>
<arguments>
<arg>id=welcome</arg>
</arguments>
<msg timestamp="20200101 16:52:46.361" level="INFO">Clicking element 'id=welcome'.</msg>
<status status="PASS" starttime="20200101 16:52:46.355" endtime="20200101 16:52:46.564"></status>
</kw>
<kw name="Click Element" library="SeleniumLibrary">
<doc>Click the element identified by ``locator``.</doc>
<arguments>
<arg>link=Logout</arg>
</arguments>
<msg timestamp="20200101 16:52:46.570" level="INFO">Clicking element 'link=Logout'.</msg>
<status status="PASS" starttime="20200101 16:52:46.567" endtime="20200101 16:52:47.822"></status>
</kw>
<kw name="Close Browser" library="SeleniumLibrary">
<doc>Closes the current browser.</doc>
<status status="PASS" starttime="20200101 16:52:47.823" endtime="20200101 16:52:48.152"></status>
</kw>
<kw name="Log" library="BuiltIn">
<doc>Logs the given message with the given level.</doc>
<arguments>
<arg>Login&amp;Logout Completed!</arg>
</arguments>
<msg timestamp="20200101 16:52:48.154" level="INFO">Login&amp;Logout Completed!</msg>
<status status="PASS" starttime="20200101 16:52:48.153" endtime="20200101 16:52:48.154"></status>
</kw>
<status status="PASS" starttime="20200101 16:52:34.499" endtime="20200101 16:52:48.155" critical="yes"></status>
</test>
<status status="PASS" starttime="20200101 16:52:25.650" endtime="20200101 16:52:48.158"></status>
</suite>
<status status="PASS" starttime="20200101 16:52:25.636" endtime="20200101 16:52:48.171"></status>
</suite>
<status status="PASS" starttime="20200101 16:52:25.596" endtime="20200101 16:52:48.295"></status>
</suite>
<statistics>
<total>
<stat pass="2" fail="0">Critical Tests</stat>
<stat pass="2" fail="0">All Tests</stat>
</total>
<tag>
</tag>
<suite>
<stat pass="2" fail="0" id="s1" name="RobotProject1">RobotProject1</stat>
<stat pass="2" fail="0" id="s1-s1" name="Test">RobotProject1.Test</stat>
<stat pass="2" fail="0" id="s1-s1-s1" name="TestSuite1">RobotProject1.Test.TestSuite1</stat>
</suite>
</statistics>
<errors>
</errors>
</robot>
